<?xml version="1.0" encoding="UTF-8"?>
<!-- Generated by org.testng.reporters.JUnitReportReporter -->
<testsuite hostname="rocky-NUC7i3BNH" failures="0" tests="2" name="com.rmani2005.pdfValidation.pdfMaster" time="23.341" errors="0" timestamp="2022-06-05T18:19:22 GMT-04:00" skipped="1">
  <testcase classname="com.rmani2005.pdfValidation.pdfMaster" name="firstPDFTest" time="23.341"/>
  <system-out/>
  <testcase classname="com.rmani2005.pdfValidation.pdfMaster" name="firstPDFTest_old">
    <skipped/>
  </testcase> <!-- firstPDFTest_old -->
  <system-out/>
</testsuite> <!-- com.rmani2005.pdfValidation.pdfMaster -->
