<?xml version="1.0" encoding="UTF-8"?>
<!-- Generated by org.testng.reporters.JUnitReportReporter -->
<testsuite hostname="rocky-NUC7i3BNH" failures="0" tests="1" name="com.rmani2005.pdfValidation.pdfMaster" time="3.672" errors="0" timestamp="2022-05-21T19:23:21 GMT-04:00" skipped="0">
  <testcase classname="com.rmani2005.pdfValidation.pdfMaster" name="firstPDFTest" time="3.672"/>
  <system-out/>
</testsuite> <!-- com.rmani2005.pdfValidation.pdfMaster -->
